<?xml version="1.0" encoding="UTF-8"?>
<!-- Generated by org.testng.reporters.JUnitReportReporter -->
<testsuite hostname="IBM-PF2QZLLE" failures="0" tests="1" name="jenkins1.jenkins1.One" time="7.373" errors="0" timestamp="2024-11-19T18:39:06 IST" skipped="0">
  <testcase classname="jenkins1.jenkins1.One" name="EnterCustomerID" time="7.373"/>
</testsuite> <!-- jenkins1.jenkins1.One -->
