<?xml version="1.0" encoding="UTF-8"?>
<!-- Generated by org.testng.reporters.JUnitReportReporter -->
<testsuite hostname="IBM-PF2QZLLE" failures="0" tests="1" name="jenkins1.jenkins1.One" time="6.367" errors="0" timestamp="2024-11-19T21:03:39 IST" skipped="0">
  <testcase classname="jenkins1.jenkins1.One" name="EnterCustomerID" time="6.367"/>
</testsuite> <!-- jenkins1.jenkins1.One -->
