<?xml version="1.0" encoding="UTF-8"?>
<!-- Generated by org.testng.reporters.JUnitReportReporter -->
<testsuite hostname="DESKTOP-L99J273" failures="0" tests="1" name="jenkins1.jenkins1.One" time="6.781" errors="0" timestamp="2024-11-26T05:46:54 PST" skipped="0">
  <testcase classname="jenkins1.jenkins1.One" name="EnterCustomerID" time="6.781"/>
  <system-out/>
</testsuite> <!-- jenkins1.jenkins1.One -->
