<?xml version="1.0" encoding="UTF-8"?>
<!-- Generated by org.testng.reporters.JUnitReportReporter -->
<testsuite hostname="IBM-PF2QZLLE" failures="0" tests="1" name="jenkins1.jenkins1.One" time="8.266" errors="0" timestamp="2024-11-20T19:09:58 IST" skipped="0">
  <testcase classname="jenkins1.jenkins1.One" name="EnterCustomerID" time="8.266"/>
  <system-out/>
</testsuite> <!-- jenkins1.jenkins1.One -->
